0 info it worked if it ends with ok
1 verbose cli [ 'node', '/usr/local/bin/npm', 'install', '-g', 'yo' ]
2 info using npm@2.2.0
3 info using node@v0.10.35
4 verbose node symlink /usr/local/bin/node
5 silly cache add args [ 'yo', null ]
6 verbose cache add spec yo
7 silly cache add parsed spec { raw: 'yo',
7 silly cache add   scope: null,
7 silly cache add   name: 'yo',
7 silly cache add   rawSpec: '',
7 silly cache add   spec: '*',
7 silly cache add   type: 'range' }
8 verbose addNamed yo@*
9 silly addNamed semver.valid null
10 silly addNamed semver.validRange *
11 silly addNameRange { name: 'yo', range: '*', hasData: false }
12 silly mapToRegistry name yo
13 silly mapToRegistry using default registry
14 silly mapToRegistry registry https://registry.npmjs.org/
15 silly mapToRegistry uri https://registry.npmjs.org/yo
16 verbose addNameRange registry:https://registry.npmjs.org/yo not in flight; fetching
17 verbose get https://registry.npmjs.org/yo not expired, no request
18 silly addNameRange number 2 { name: 'yo', range: '*', hasData: true }
19 silly addNameRange versions [ 'yo',
19 silly addNameRange   [ '1.1.0',
19 silly addNameRange     '1.1.1',
19 silly addNameRange     '1.1.2',
19 silly addNameRange     '1.2.0',
19 silly addNameRange     '1.2.1',
19 silly addNameRange     '1.3.0',
19 silly addNameRange     '1.3.2',
19 silly addNameRange     '1.3.3',
19 silly addNameRange     '1.4.1',
19 silly addNameRange     '1.4.2',
19 silly addNameRange     '1.4.4' ] ]
20 verbose addNamed yo@1.4.4
21 silly addNamed semver.valid 1.4.4
22 silly addNamed semver.validRange 1.4.4
23 silly cache afterAdd yo@1.4.4
24 verbose afterAdd /Volumes/Storage/Users/iheanyi/.npm/yo/1.4.4/package/package.json not in flight; writing
25 verbose afterAdd /Volumes/Storage/Users/iheanyi/.npm/yo/1.4.4/package/package.json written
26 silly install resolved [ { name: 'yo',
26 silly install resolved     version: '1.4.4',
26 silly install resolved     description: 'CLI tool for running Yeoman generators',
26 silly install resolved     license: 'BSD',
26 silly install resolved     bin: { yo: 'lib/cli.js' },
26 silly install resolved     author: { name: 'Yeoman team' },
26 silly install resolved     repository: { type: 'git', url: 'https://github.com/yeoman/yo' },
26 silly install resolved     engines: { node: '>=0.10.0', npm: '>=2.1.0' },
26 silly install resolved     scripts:
26 silly install resolved      { test: 'jshint . && mocha test/**/*.js',
26 silly install resolved        postinstall: 'yodoctor',
26 silly install resolved        postupdate: 'yodoctor',
26 silly install resolved        prepublish: 'nsp audit-package' },
26 silly install resolved     files: [ 'lib' ],
26 silly install resolved     keywords:
26 silly install resolved      [ 'cli-app',
26 silly install resolved        'cli',
26 silly install resolved        'bin',
26 silly install resolved        'front-end',
26 silly install resolved        'development',
26 silly install resolved        'dev',
26 silly install resolved        'build',
26 silly install resolved        'web',
26 silly install resolved        'tool',
26 silly install resolved        'scaffold',
26 silly install resolved        'stack',
26 silly install resolved        'yeoman',
26 silly install resolved        'generator',
26 silly install resolved        'generate',
26 silly install resolved        'app',
26 silly install resolved        'boilerplate' ],
26 silly install resolved     dependencies:
26 silly install resolved      { 'array-uniq': '^1.0.2',
26 silly install resolved        async: '^0.9.0',
26 silly install resolved        chalk: '^0.5.1',
26 silly install resolved        configstore: '^0.3.1',
26 silly install resolved        'cross-spawn': '^0.2.3',
26 silly install resolved        figures: '^1.3.5',
26 silly install resolved        findup: '^0.1.5',
26 silly install resolved        fullname: '^1.0.0',
26 silly install resolved        'humanize-string': '^1.0.0',
26 silly install resolved        inquirer: '^0.8.0',
26 silly install resolved        insight: '^0.5.0',
26 silly install resolved        lodash: '^2.4.1',
26 silly install resolved        meow: '^2.0.0',
26 silly install resolved        'npm-keyword': '^1.0.1',
26 silly install resolved        opn: '^1.0.0',
26 silly install resolved        'package-json': '^1.0.1',
26 silly install resolved        'root-check': '^1.0.0',
26 silly install resolved        'sort-on': '^1.0.0',
26 silly install resolved        'string-length': '^1.0.0',
26 silly install resolved        titleize: '^1.0.0',
26 silly install resolved        'update-notifier': '^0.3.0',
26 silly install resolved        'user-home': '^1.1.0',
26 silly install resolved        'yeoman-character': '^1.0.0',
26 silly install resolved        'yeoman-doctor': '^1.0.0',
26 silly install resolved        'yeoman-environment': '^1.0.1',
26 silly install resolved        yosay: '^1.0.0' },
26 silly install resolved     devDependencies:
26 silly install resolved      { jshint: '^2.5.11',
26 silly install resolved        mocha: '^2.1.0',
26 silly install resolved        mockery: '^1.4.0',
26 silly install resolved        nock: '^0.56.0',
26 silly install resolved        nsp: '*',
26 silly install resolved        proxyquire: '^1.0.1',
26 silly install resolved        'registry-url': '^2.1.0',
26 silly install resolved        sinon: '^1.12.1' },
26 silly install resolved     engineStrict: true,
26 silly install resolved     preferGlobal: true,
26 silly install resolved     gitHead: '5059320eb26a6efa754acf7306ee49cc0fa172db',
26 silly install resolved     bugs: { url: 'https://github.com/yeoman/yo/issues' },
26 silly install resolved     homepage: 'https://github.com/yeoman/yo',
26 silly install resolved     _id: 'yo@1.4.4',
26 silly install resolved     _shasum: '333d2132e7da55c23a2490eb01fee2d267d374e0',
26 silly install resolved     _from: 'yo@*',
26 silly install resolved     _npmVersion: '1.4.28',
26 silly install resolved     _npmUser: { name: 'sindresorhus', email: 'sindresorhus@gmail.com' },
26 silly install resolved     maintainers: [ [Object], [Object], [Object], [Object], [Object], [Object] ],
26 silly install resolved     dist:
26 silly install resolved      { shasum: '333d2132e7da55c23a2490eb01fee2d267d374e0',
26 silly install resolved        tarball: 'http://registry.npmjs.org/yo/-/yo-1.4.4.tgz' },
26 silly install resolved     directories: {},
26 silly install resolved     _resolved: 'https://registry.npmjs.org/yo/-/yo-1.4.4.tgz',
26 silly install resolved     readme: 'ERROR: No README data found!' } ]
27 info install yo@1.4.4 into /usr/local/lib
28 info installOne yo@1.4.4
29 verbose installOne of yo to /usr/local/lib not in flight; installing
30 verbose lock using /Volumes/Storage/Users/iheanyi/.npm/_locks/yo-c80abb7e04f27e35.lock for /usr/local/lib/node_modules/yo
31 silly install write writing yo 1.4.4 to /usr/local/lib/node_modules/yo
32 silly cache addNamed cb yo@1.4.4
33 verbose unbuild lib/node_modules/yo
34 info preuninstall yo@1.4.2
35 info uninstall yo@1.4.2
36 verbose unbuild rmStuff yo@1.4.2 from /usr/local/lib/node_modules
37 verbose gentlyRm verifying that /usr/local is managed by npm
38 silly isManaged /usr/local is not inside /usr/local/lib/node_modules
39 silly isManaged /usr/local is not inside /usr/local/lib/node_modules
40 silly isManaged /usr/local/bin is inside /usr/local
41 silly gentlyRm /usr/local is managed by npm
42 silly gentlyRm /usr/local/bin/yo is under /usr/local
43 verbose gentlyRm vacuuming /usr/local/bin/yo up to /usr/local
44 info postuninstall yo@1.4.2
45 verbose gentlyRm vacuuming /usr/local/lib/node_modules/yo
46 silly gentlyRm purging /usr/local/lib/node_modules/yo
47 verbose unlock done using /Volumes/Storage/Users/iheanyi/.npm/_locks/yo-c80abb7e04f27e35.lock for /usr/local/lib/node_modules/yo
48 verbose stack Error: EACCES, unlink '/usr/local/lib/node_modules/yo/lib'
49 verbose cwd /Volumes/Storage/Users/iheanyi/development/programming/web/iheanyi-2015
50 error Darwin 14.0.0
51 error argv "node" "/usr/local/bin/npm" "install" "-g" "yo"
52 error node v0.10.35
53 error npm  v2.2.0
54 error path /usr/local/lib/node_modules/yo/lib
55 error code EACCES
56 error errno 3
57 error Error: EACCES, unlink '/usr/local/lib/node_modules/yo/lib'
57 error  { [Error: EACCES, unlink '/usr/local/lib/node_modules/yo/lib']
57 error   errno: 3,
57 error   code: 'EACCES',
57 error   path: '/usr/local/lib/node_modules/yo/lib' }
58 error Please try running this command again as root/Administrator.
59 verbose exit [ 3, true ]
60 verbose unbuild lib/node_modules/yo
61 info preuninstall yo@1.4.2
62 info uninstall yo@1.4.2
63 verbose unbuild rmStuff yo@1.4.2 from /usr/local/lib/node_modules
64 verbose gentlyRm verifying that /usr/local is managed by npm
65 silly isManaged /usr/local is not inside /usr/local/lib/node_modules
66 silly isManaged /usr/local is not inside /usr/local/lib/node_modules
67 silly isManaged /usr/local is not inside /usr/local/bin
68 silly isManaged /usr/local is inside /usr/local
69 silly gentlyRm /usr/local is managed by npm
70 silly gentlyRm /usr/local/bin/yo is under /usr/local
71 verbose gentlyRm vacuuming /usr/local/bin/yo up to /usr/local
72 info postuninstall yo@1.4.2
73 verbose gentlyRm vacuuming /usr/local/lib/node_modules/yo
74 silly gentlyRm purging /usr/local/lib/node_modules/yo
75 error error rolling back Error: EACCES, unlink '/usr/local/lib/node_modules/yo/lib'
75 error error rolling back  { [Error: EACCES, unlink '/usr/local/lib/node_modules/yo/lib']
75 error error rolling back   errno: 3,
75 error error rolling back   code: 'EACCES',
75 error error rolling back   path: '/usr/local/lib/node_modules/yo/lib' }
